2022/12/05 18:21 +08:00: node: bad option: --presets
2022/12/05 18:21 +08:00: node: bad option: --presets
2022/12/05 18:21 +08:00: node: bad option: --presets
2022/12/05 18:21 +08:00: node: bad option: --presets
2022/12/05 18:21 +08:00: node: bad option:
2022/12/05 18:21 +08:00:  --presets
2022/12/05 18:21 +08:00: node: bad option: --pr
2022/12/05 18:21 +08:00: esets
2022/12/05 18:21 +08:00: node: bad optio
2022/12/05 18:21 +08:00: n: --presets
2022/12/05 18:21 +08:00: node: bad
2022/12/05 18:21 +08:00:  opti
2022/12/05 18:21 +08:00: on: --presets
2022/12/05 18:21 +08:00: node: bad option: --pr
2022/12/05 18:21 +08:00: esets
2022/12/05 18:21 +08:00: node: bad option:
2022/12/05 18:21 +08:00:  --presets
2022/12/05 18:21 +08:00: node: bad option: --
2022/12/05 18:21 +08:00: presets
2022/12/05 18:21 +08:00: node: bad optio
2022/12/05 18:21 +08:00: n: --presets
2022/12/05 18:21 +08:00: node: bad option: --p
2022/12/05 18:21 +08:00: resets
2022/12/05 18:21 +08:00: node: bad opti
2022/12/05 18:21 +08:00: on: --presets
2022/12/05 18:21 +08:00: node: bad option: --presets
2022/12/05 18:21 +08:00: node: bad option: --presets
